/sw/bioinfo/quast/4.5.4/rackham/bin/quast.py /home/yich7866/03_GenAssem_Spades/code/result/contigs.fasta /home/yich7866/GCF_001750885.1_ASM175088v1_genomic.fna -o ../result --gene-finding

Version: 4.5.4

System information:
  OS: Linux-3.10.0-1127.el7.x86_64-x86_64-with-centos-7.8.2003-Core (linux_64)
  Python version: 2.7.6
  CPUs number: 20

Started: 2020-05-16 16:40:46

Logging to /domus/h1/yich7866/09_GenAssEva_Quast_4Spades/result/quast.log
NOTICE: Output directory already exists. Existing Nucmer alignments can be used
NOTICE: Maximum number of threads is set to 5 (use --threads option to set it manually)

CWD: /domus/h1/yich7866/09_GenAssEva_Quast_4Spades/code
Main parameters: 
  Threads: 5, minimum contig length: 500, ambiguity: one, threshold for extensive misassembly size: 1000

Contigs:
  Pre-processing...
  1  /home/yich7866/03_GenAssem_Spades/code/result/contigs.fasta ==> contigs
  2  /home/yich7866/GCF_001750885.1_ASM175088v1_genomic.fna ==> GCF_001750885.1_ASM175088v1_genomic

2020-05-16 16:40:48
Running Basic statistics processor...
  Contig files: 
    1  contigs
    2  GCF_001750885.1_ASM175088v1_genomic
  Calculating N50 and L50...
    1  contigs, N50 = 840748, L50 = 2, Total length = 3135284, GC % = 37.67, # N's per 100 kbp =  0.00
    2  GCF_001750885.1_ASM175088v1_genomic, N50 = 2765010, L50 = 1, Total length = 3168410, GC % = 37.70, # N's per 100 kbp =  0.00
  Drawing Nx plot...
    saved to /domus/h1/yich7866/09_GenAssEva_Quast_4Spades/result/basic_stats/Nx_plot.pdf
  Drawing cumulative plot...
    saved to /domus/h1/yich7866/09_GenAssEva_Quast_4Spades/result/basic_stats/cumulative_plot.pdf
  Drawing GC content plot...
    saved to /domus/h1/yich7866/09_GenAssEva_Quast_4Spades/result/basic_stats/GC_content_plot.pdf
  Drawing contigs GC content plot...
    saved to /domus/h1/yich7866/09_GenAssEva_Quast_4Spades/result/basic_stats/contigs_GC_content_plot.pdf
  Drawing GCF_001750885.1_ASM175088v1_genomic GC content plot...
    saved to /domus/h1/yich7866/09_GenAssEva_Quast_4Spades/result/basic_stats/GCF_001750885.1_ASM175088v1_genomic_GC_content_plot.pdf
  Drawing Coverage histogram (bin size: 3x)...
    saved to /domus/h1/yich7866/09_GenAssEva_Quast_4Spades/result/basic_stats/coverage_histogram.pdf
  Drawing contigs coverage histogram (bin size: 3x)...
    saved to /domus/h1/yich7866/09_GenAssEva_Quast_4Spades/result/basic_stats/contigs_coverage_histogram.pdf
Done.

2020-05-16 16:40:52
Running GeneMarkS...
  1  contigs
  2  GCF_001750885.1_ASM175088v1_genomic

ERROR!   1  Failed predicting genes in contigs. 

ERROR!   2  Failed predicting genes in GCF_001750885.1_ASM175088v1_genomic. 
Done.

2020-05-16 16:40:52
Creating large visual summaries...
This may take a while: press Ctrl-C to skip this step..
  1 of 2: Creating Icarus viewers...
  2 of 2: Creating PDF with all tables and plots...
Done

2020-05-16 16:40:53
RESULTS:
  Text versions of total report are saved to /domus/h1/yich7866/09_GenAssEva_Quast_4Spades/result/report.txt, report.tsv, and report.tex
  Text versions of transposed total report are saved to /domus/h1/yich7866/09_GenAssEva_Quast_4Spades/result/transposed_report.txt, transposed_report.tsv, and transposed_report.tex
  HTML version (interactive tables and plots) saved to /domus/h1/yich7866/09_GenAssEva_Quast_4Spades/result/report.html
  PDF version (tables and plots) is saved to /domus/h1/yich7866/09_GenAssEva_Quast_4Spades/result/report.pdf
  Icarus (contig browser) is saved to /domus/h1/yich7866/09_GenAssEva_Quast_4Spades/result/icarus.html
  Log saved to /domus/h1/yich7866/09_GenAssEva_Quast_4Spades/result/quast.log

Finished: 2020-05-16 16:40:53
Elapsed time: 0:00:07.359968
NOTICEs: 2; WARNINGs: 0; non-fatal ERRORs: 2

Thank you for using QUAST!
