/sw/bioinfo/quast/4.5.4/rackham/bin/quast.py /home/yich7866/02_GenAssem_Canu_PacBio/code/Canu_Output_PacBio/Enterococci.contigs.fasta -o ../result

Version: 4.5.4

System information:
  OS: Linux-3.10.0-1127.el7.x86_64-x86_64-with-centos-7.8.2003-Core (linux_64)
  Python version: 2.7.6
  CPUs number: 20

Started: 2020-05-14 15:05:20

Logging to /domus/h1/yich7866/08_GenAssEva_Quast_4Canu/result/quast.log
NOTICE: Output directory already exists. Existing Nucmer alignments can be used
NOTICE: Maximum number of threads is set to 5 (use --threads option to set it manually)

CWD: /domus/h1/yich7866/08_GenAssEva_Quast_4Canu/code
Main parameters: 
  Threads: 5, minimum contig length: 500, ambiguity: one, threshold for extensive misassembly size: 1000

Contigs:
  Pre-processing...
  /home/yich7866/02_GenAssem_Canu_PacBio/code/Canu_Output_PacBio/Enterococci.contigs.fasta ==> Enterococci.contigs

2020-05-14 15:05:22
Running Basic statistics processor...
  Contig files: 
    Enterococci.contigs
  Calculating N50 and L50...
    Enterococci.contigs, N50 = 2775628, L50 = 1, Total length = 3153598, GC % = 37.77, # N's per 100 kbp =  0.00
  Drawing Nx plot...
    saved to /domus/h1/yich7866/08_GenAssEva_Quast_4Canu/result/basic_stats/Nx_plot.pdf
  Drawing cumulative plot...
    saved to /domus/h1/yich7866/08_GenAssEva_Quast_4Canu/result/basic_stats/cumulative_plot.pdf
  Drawing GC content plot...
    saved to /domus/h1/yich7866/08_GenAssEva_Quast_4Canu/result/basic_stats/GC_content_plot.pdf
  Drawing Enterococci.contigs GC content plot...
    saved to /domus/h1/yich7866/08_GenAssEva_Quast_4Canu/result/basic_stats/Enterococci.contigs_GC_content_plot.pdf
Done.

NOTICE: Genes are not predicted by default. Use --gene-finding option to enable it.

2020-05-14 15:05:24
Creating large visual summaries...
This may take a while: press Ctrl-C to skip this step..
  1 of 2: Creating Icarus viewers...
  2 of 2: Creating PDF with all tables and plots...
Done

2020-05-14 15:05:24
RESULTS:
  Text versions of total report are saved to /domus/h1/yich7866/08_GenAssEva_Quast_4Canu/result/report.txt, report.tsv, and report.tex
  Text versions of transposed total report are saved to /domus/h1/yich7866/08_GenAssEva_Quast_4Canu/result/transposed_report.txt, transposed_report.tsv, and transposed_report.tex
  HTML version (interactive tables and plots) saved to /domus/h1/yich7866/08_GenAssEva_Quast_4Canu/result/report.html
  PDF version (tables and plots) is saved to /domus/h1/yich7866/08_GenAssEva_Quast_4Canu/result/report.pdf
  Icarus (contig browser) is saved to /domus/h1/yich7866/08_GenAssEva_Quast_4Canu/result/icarus.html
  Log saved to /domus/h1/yich7866/08_GenAssEva_Quast_4Canu/result/quast.log

Finished: 2020-05-14 15:05:24
Elapsed time: 0:00:04.144530
NOTICEs: 3; WARNINGs: 0; non-fatal ERRORs: 0

Thank you for using QUAST!
