3303 GFF lines processed.
100000 SAM alignment record pairs processed.
200000 SAM alignment record pairs processed.
300000 SAM alignment record pairs processed.
400000 SAM alignment record pairs processed.
500000 SAM alignment record pairs processed.
600000 SAM alignment record pairs processed.
700000 SAM alignment record pairs processed.
800000 SAM alignment record pairs processed.
900000 SAM alignment record pairs processed.
1000000 SAM alignment record pairs processed.
1100000 SAM alignment record pairs processed.
1200000 SAM alignment record pairs processed.
1300000 SAM alignment record pairs processed.
1400000 SAM alignment record pairs processed.
1500000 SAM alignment record pairs processed.
1600000 SAM alignment record pairs processed.
1700000 SAM alignment record pairs processed.
1800000 SAM alignment record pairs processed.
1900000 SAM alignment record pairs processed.
2000000 SAM alignment record pairs processed.
2100000 SAM alignment record pairs processed.
2200000 SAM alignment record pairs processed.
2300000 SAM alignment record pairs processed.
2400000 SAM alignment record pairs processed.
2500000 SAM alignment record pairs processed.
2600000 SAM alignment record pairs processed.
2700000 SAM alignment record pairs processed.
2800000 SAM alignment record pairs processed.
2900000 SAM alignment record pairs processed.
3000000 SAM alignment record pairs processed.
3100000 SAM alignment record pairs processed.
3200000 SAM alignment record pairs processed.
3300000 SAM alignment record pairs processed.
3400000 SAM alignment record pairs processed.
3500000 SAM alignment record pairs processed.
3600000 SAM alignment record pairs processed.
3700000 SAM alignment record pairs processed.
3800000 SAM alignment record pairs processed.
3900000 SAM alignment record pairs processed.
4000000 SAM alignment record pairs processed.
4100000 SAM alignment record pairs processed.
4200000 SAM alignment record pairs processed.
4300000 SAM alignment record pairs processed.
4400000 SAM alignment record pairs processed.
4500000 SAM alignment record pairs processed.
4600000 SAM alignment record pairs processed.
4700000 SAM alignment record pairs processed.
4800000 SAM alignment record pairs processed.
4900000 SAM alignment record pairs processed.
5000000 SAM alignment record pairs processed.
5100000 SAM alignment record pairs processed.
5200000 SAM alignment record pairs processed.
5300000 SAM alignment record pairs processed.
5400000 SAM alignment record pairs processed.
5500000 SAM alignment record pairs processed.
5600000 SAM alignment record pairs processed.
5700000 SAM alignment record pairs processed.
5800000 SAM alignment record pairs processed.
5900000 SAM alignment record pairs processed.
6000000 SAM alignment record pairs processed.
6100000 SAM alignment record pairs processed.
6200000 SAM alignment record pairs processed.
6300000 SAM alignment record pairs processed.
6400000 SAM alignment record pairs processed.
6500000 SAM alignment record pairs processed.
6600000 SAM alignment record pairs processed.
6700000 SAM alignment record pairs processed.
6800000 SAM alignment record pairs processed.
6900000 SAM alignment record pairs processed.
7000000 SAM alignment record pairs processed.
7100000 SAM alignment record pairs processed.
7200000 SAM alignment record pairs processed.
7300000 SAM alignment record pairs processed.
7400000 SAM alignment record pairs processed.
7500000 SAM alignment record pairs processed.
7600000 SAM alignment record pairs processed.
7700000 SAM alignment record pairs processed.
7800000 SAM alignment record pairs processed.
7900000 SAM alignment record pairs processed.
8000000 SAM alignment record pairs processed.
8100000 SAM alignment record pairs processed.
8200000 SAM alignment record pairs processed.
8300000 SAM alignment record pairs processed.
8400000 SAM alignment record pairs processed.
8500000 SAM alignment record pairs processed.
8600000 SAM alignment record pairs processed.
8700000 SAM alignment record pairs processed.
8800000 SAM alignment record pairs processed.
8900000 SAM alignment record pairs processed.
9000000 SAM alignment record pairs processed.
9100000 SAM alignment record pairs processed.
9200000 SAM alignment record pairs processed.
9300000 SAM alignment record pairs processed.
9400000 SAM alignment record pairs processed.
9500000 SAM alignment record pairs processed.
9600000 SAM alignment record pairs processed.
9700000 SAM alignment record pairs processed.
9800000 SAM alignment record pairs processed.
9900000 SAM alignment record pairs processed.
10000000 SAM alignment record pairs processed.
10100000 SAM alignment record pairs processed.
10200000 SAM alignment record pairs processed.
10300000 SAM alignment record pairs processed.
10400000 SAM alignment record pairs processed.
10500000 SAM alignment record pairs processed.
10600000 SAM alignment record pairs processed.
10700000 SAM alignment record pairs processed.
10800000 SAM alignment record pairs processed.
10900000 SAM alignment record pairs processed.
11000000 SAM alignment record pairs processed.
11100000 SAM alignment record pairs processed.
11200000 SAM alignment record pairs processed.
11300000 SAM alignment record pairs processed.
11400000 SAM alignment record pairs processed.
11500000 SAM alignment record pairs processed.
11600000 SAM alignment record pairs processed.
11700000 SAM alignment record pairs processed.
11800000 SAM alignment record pairs processed.
11900000 SAM alignment record pairs processed.
12000000 SAM alignment record pairs processed.
12100000 SAM alignment record pairs processed.
12200000 SAM alignment record pairs processed.
12300000 SAM alignment record pairs processed.
12400000 SAM alignment record pairs processed.
12500000 SAM alignment record pairs processed.
12600000 SAM alignment record pairs processed.
12700000 SAM alignment record pairs processed.
12800000 SAM alignment record pairs processed.
12900000 SAM alignment record pairs processed.
13000000 SAM alignment record pairs processed.
13100000 SAM alignment record pairs processed.
13200000 SAM alignment record pairs processed.
13300000 SAM alignment record pairs processed.
13400000 SAM alignment record pairs processed.
13500000 SAM alignment record pairs processed.
13600000 SAM alignment record pairs processed.
13700000 SAM alignment record pairs processed.
Warning: Mate records missing for 24630 records; first such record: <SAM_Alignment object: Paired-end read 'ERR1797972.25496518' aligned to tig00000001_pilon:[463628,463659)/+>.
Warning: Mate pairing was ambiguous for 6 records; mate key for first such record: ('ERR1797972.9524755', 'second', 'tig00000001_pilon', 267372, 'tig00000001_pilon', 267372, 44).
13781509 SAM alignment pairs processed.
3303 GFF lines processed.
100000 SAM alignment record pairs processed.
200000 SAM alignment record pairs processed.
300000 SAM alignment record pairs processed.
400000 SAM alignment record pairs processed.
500000 SAM alignment record pairs processed.
600000 SAM alignment record pairs processed.
700000 SAM alignment record pairs processed.
800000 SAM alignment record pairs processed.
900000 SAM alignment record pairs processed.
1000000 SAM alignment record pairs processed.
1100000 SAM alignment record pairs processed.
1200000 SAM alignment record pairs processed.
1300000 SAM alignment record pairs processed.
1400000 SAM alignment record pairs processed.
1500000 SAM alignment record pairs processed.
1600000 SAM alignment record pairs processed.
1700000 SAM alignment record pairs processed.
1800000 SAM alignment record pairs processed.
1900000 SAM alignment record pairs processed.
2000000 SAM alignment record pairs processed.
2100000 SAM alignment record pairs processed.
2200000 SAM alignment record pairs processed.
2300000 SAM alignment record pairs processed.
2400000 SAM alignment record pairs processed.
2500000 SAM alignment record pairs processed.
2600000 SAM alignment record pairs processed.
2700000 SAM alignment record pairs processed.
2800000 SAM alignment record pairs processed.
2900000 SAM alignment record pairs processed.
3000000 SAM alignment record pairs processed.
3100000 SAM alignment record pairs processed.
3200000 SAM alignment record pairs processed.
3300000 SAM alignment record pairs processed.
3400000 SAM alignment record pairs processed.
3500000 SAM alignment record pairs processed.
3600000 SAM alignment record pairs processed.
3700000 SAM alignment record pairs processed.
3800000 SAM alignment record pairs processed.
3900000 SAM alignment record pairs processed.
4000000 SAM alignment record pairs processed.
4100000 SAM alignment record pairs processed.
4200000 SAM alignment record pairs processed.
4300000 SAM alignment record pairs processed.
4400000 SAM alignment record pairs processed.
4500000 SAM alignment record pairs processed.
4600000 SAM alignment record pairs processed.
4700000 SAM alignment record pairs processed.
4800000 SAM alignment record pairs processed.
4900000 SAM alignment record pairs processed.
5000000 SAM alignment record pairs processed.
5100000 SAM alignment record pairs processed.
5200000 SAM alignment record pairs processed.
5300000 SAM alignment record pairs processed.
5400000 SAM alignment record pairs processed.
5500000 SAM alignment record pairs processed.
5600000 SAM alignment record pairs processed.
5700000 SAM alignment record pairs processed.
5800000 SAM alignment record pairs processed.
5900000 SAM alignment record pairs processed.
6000000 SAM alignment record pairs processed.
6100000 SAM alignment record pairs processed.
6200000 SAM alignment record pairs processed.
6300000 SAM alignment record pairs processed.
6400000 SAM alignment record pairs processed.
6500000 SAM alignment record pairs processed.
6600000 SAM alignment record pairs processed.
6700000 SAM alignment record pairs processed.
6800000 SAM alignment record pairs processed.
6900000 SAM alignment record pairs processed.
7000000 SAM alignment record pairs processed.
7100000 SAM alignment record pairs processed.
7200000 SAM alignment record pairs processed.
7300000 SAM alignment record pairs processed.
7400000 SAM alignment record pairs processed.
7500000 SAM alignment record pairs processed.
7600000 SAM alignment record pairs processed.
7700000 SAM alignment record pairs processed.
7800000 SAM alignment record pairs processed.
7900000 SAM alignment record pairs processed.
8000000 SAM alignment record pairs processed.
8100000 SAM alignment record pairs processed.
8200000 SAM alignment record pairs processed.
8300000 SAM alignment record pairs processed.
8400000 SAM alignment record pairs processed.
8500000 SAM alignment record pairs processed.
8600000 SAM alignment record pairs processed.
8700000 SAM alignment record pairs processed.
8800000 SAM alignment record pairs processed.
8900000 SAM alignment record pairs processed.
9000000 SAM alignment record pairs processed.
9100000 SAM alignment record pairs processed.
9200000 SAM alignment record pairs processed.
9300000 SAM alignment record pairs processed.
9400000 SAM alignment record pairs processed.
9500000 SAM alignment record pairs processed.
9600000 SAM alignment record pairs processed.
9700000 SAM alignment record pairs processed.
9800000 SAM alignment record pairs processed.
9900000 SAM alignment record pairs processed.
10000000 SAM alignment record pairs processed.
10100000 SAM alignment record pairs processed.
10200000 SAM alignment record pairs processed.
10300000 SAM alignment record pairs processed.
10400000 SAM alignment record pairs processed.
10500000 SAM alignment record pairs processed.
10600000 SAM alignment record pairs processed.
10700000 SAM alignment record pairs processed.
10800000 SAM alignment record pairs processed.
10900000 SAM alignment record pairs processed.
11000000 SAM alignment record pairs processed.
11100000 SAM alignment record pairs processed.
11200000 SAM alignment record pairs processed.
11300000 SAM alignment record pairs processed.
11400000 SAM alignment record pairs processed.
11500000 SAM alignment record pairs processed.
11600000 SAM alignment record pairs processed.
11700000 SAM alignment record pairs processed.
11800000 SAM alignment record pairs processed.
11900000 SAM alignment record pairs processed.
12000000 SAM alignment record pairs processed.
12100000 SAM alignment record pairs processed.
12200000 SAM alignment record pairs processed.
12300000 SAM alignment record pairs processed.
12400000 SAM alignment record pairs processed.
12500000 SAM alignment record pairs processed.
12600000 SAM alignment record pairs processed.
12700000 SAM alignment record pairs processed.
12800000 SAM alignment record pairs processed.
12900000 SAM alignment record pairs processed.
13000000 SAM alignment record pairs processed.
13100000 SAM alignment record pairs processed.
13200000 SAM alignment record pairs processed.
13300000 SAM alignment record pairs processed.
13400000 SAM alignment record pairs processed.
13500000 SAM alignment record pairs processed.
13600000 SAM alignment record pairs processed.
Warning: Mate records missing for 23393 records; first such record: <SAM_Alignment object: Paired-end read 'ERR1797973.1835991' aligned to tig00000001_pilon:[844952,844993)/->.
13700000 SAM alignment record pairs processed.
Warning: Mate pairing was ambiguous for 6 records; mate key for first such record: ('ERR1797973.1026060', 'first', 'tig00000001_pilon', 656958, 'tig00000001_pilon', 656958, 52).
13721048 SAM alignment pairs processed.
3303 GFF lines processed.
100000 SAM alignment record pairs processed.
200000 SAM alignment record pairs processed.
300000 SAM alignment record pairs processed.
400000 SAM alignment record pairs processed.
500000 SAM alignment record pairs processed.
600000 SAM alignment record pairs processed.
700000 SAM alignment record pairs processed.
800000 SAM alignment record pairs processed.
900000 SAM alignment record pairs processed.
1000000 SAM alignment record pairs processed.
1100000 SAM alignment record pairs processed.
1200000 SAM alignment record pairs processed.
1300000 SAM alignment record pairs processed.
1400000 SAM alignment record pairs processed.
1500000 SAM alignment record pairs processed.
1600000 SAM alignment record pairs processed.
1700000 SAM alignment record pairs processed.
1800000 SAM alignment record pairs processed.
1900000 SAM alignment record pairs processed.
2000000 SAM alignment record pairs processed.
2100000 SAM alignment record pairs processed.
2200000 SAM alignment record pairs processed.
2300000 SAM alignment record pairs processed.
2400000 SAM alignment record pairs processed.
2500000 SAM alignment record pairs processed.
2600000 SAM alignment record pairs processed.
2700000 SAM alignment record pairs processed.
2800000 SAM alignment record pairs processed.
2900000 SAM alignment record pairs processed.
3000000 SAM alignment record pairs processed.
3100000 SAM alignment record pairs processed.
3200000 SAM alignment record pairs processed.
3300000 SAM alignment record pairs processed.
3400000 SAM alignment record pairs processed.
3500000 SAM alignment record pairs processed.
3600000 SAM alignment record pairs processed.
3700000 SAM alignment record pairs processed.
3800000 SAM alignment record pairs processed.
3900000 SAM alignment record pairs processed.
4000000 SAM alignment record pairs processed.
4100000 SAM alignment record pairs processed.
4200000 SAM alignment record pairs processed.
4300000 SAM alignment record pairs processed.
4400000 SAM alignment record pairs processed.
4500000 SAM alignment record pairs processed.
4600000 SAM alignment record pairs processed.
4700000 SAM alignment record pairs processed.
4800000 SAM alignment record pairs processed.
4900000 SAM alignment record pairs processed.
5000000 SAM alignment record pairs processed.
5100000 SAM alignment record pairs processed.
5200000 SAM alignment record pairs processed.
5300000 SAM alignment record pairs processed.
5400000 SAM alignment record pairs processed.
5500000 SAM alignment record pairs processed.
5600000 SAM alignment record pairs processed.
5700000 SAM alignment record pairs processed.
5800000 SAM alignment record pairs processed.
5900000 SAM alignment record pairs processed.
6000000 SAM alignment record pairs processed.
6100000 SAM alignment record pairs processed.
6200000 SAM alignment record pairs processed.
6300000 SAM alignment record pairs processed.
6400000 SAM alignment record pairs processed.
6500000 SAM alignment record pairs processed.
6600000 SAM alignment record pairs processed.
6700000 SAM alignment record pairs processed.
6800000 SAM alignment record pairs processed.
6900000 SAM alignment record pairs processed.
7000000 SAM alignment record pairs processed.
7100000 SAM alignment record pairs processed.
7200000 SAM alignment record pairs processed.
7300000 SAM alignment record pairs processed.
7400000 SAM alignment record pairs processed.
7500000 SAM alignment record pairs processed.
7600000 SAM alignment record pairs processed.
7700000 SAM alignment record pairs processed.
7800000 SAM alignment record pairs processed.
7900000 SAM alignment record pairs processed.
8000000 SAM alignment record pairs processed.
8100000 SAM alignment record pairs processed.
8200000 SAM alignment record pairs processed.
8300000 SAM alignment record pairs processed.
8400000 SAM alignment record pairs processed.
8500000 SAM alignment record pairs processed.
8600000 SAM alignment record pairs processed.
8700000 SAM alignment record pairs processed.
8800000 SAM alignment record pairs processed.
8900000 SAM alignment record pairs processed.
9000000 SAM alignment record pairs processed.
9100000 SAM alignment record pairs processed.
9200000 SAM alignment record pairs processed.
9300000 SAM alignment record pairs processed.
9400000 SAM alignment record pairs processed.
9500000 SAM alignment record pairs processed.
9600000 SAM alignment record pairs processed.
9700000 SAM alignment record pairs processed.
9800000 SAM alignment record pairs processed.
9900000 SAM alignment record pairs processed.
10000000 SAM alignment record pairs processed.
10100000 SAM alignment record pairs processed.
10200000 SAM alignment record pairs processed.
10300000 SAM alignment record pairs processed.
10400000 SAM alignment record pairs processed.
10500000 SAM alignment record pairs processed.
10600000 SAM alignment record pairs processed.
10700000 SAM alignment record pairs processed.
10800000 SAM alignment record pairs processed.
10900000 SAM alignment record pairs processed.
11000000 SAM alignment record pairs processed.
11100000 SAM alignment record pairs processed.
11200000 SAM alignment record pairs processed.
11300000 SAM alignment record pairs processed.
11400000 SAM alignment record pairs processed.
11500000 SAM alignment record pairs processed.
11600000 SAM alignment record pairs processed.
11700000 SAM alignment record pairs processed.
11800000 SAM alignment record pairs processed.
11900000 SAM alignment record pairs processed.
12000000 SAM alignment record pairs processed.
12100000 SAM alignment record pairs processed.
12200000 SAM alignment record pairs processed.
12300000 SAM alignment record pairs processed.
12400000 SAM alignment record pairs processed.
Warning: Mate records missing for 21769 records; first such record: <SAM_Alignment object: Paired-end read 'ERR1797974.10613701' aligned to tig00000001_pilon:[897604,897653)/+>.
Warning: Mate pairing was ambiguous for 2 records; mate key for first such record: ('ERR1797974.9026625', 'first', 'tig00000001_pilon', 1225750, 'tig00000001_pilon', 1225750, 67).
12435740 SAM alignment pairs processed.
3303 GFF lines processed.
100000 SAM alignment record pairs processed.
200000 SAM alignment record pairs processed.
300000 SAM alignment record pairs processed.
400000 SAM alignment record pairs processed.
500000 SAM alignment record pairs processed.
600000 SAM alignment record pairs processed.
700000 SAM alignment record pairs processed.
800000 SAM alignment record pairs processed.
900000 SAM alignment record pairs processed.
1000000 SAM alignment record pairs processed.
1100000 SAM alignment record pairs processed.
1200000 SAM alignment record pairs processed.
1300000 SAM alignment record pairs processed.
1400000 SAM alignment record pairs processed.
1500000 SAM alignment record pairs processed.
1600000 SAM alignment record pairs processed.
1700000 SAM alignment record pairs processed.
1800000 SAM alignment record pairs processed.
1900000 SAM alignment record pairs processed.
2000000 SAM alignment record pairs processed.
2100000 SAM alignment record pairs processed.
2200000 SAM alignment record pairs processed.
2300000 SAM alignment record pairs processed.
2400000 SAM alignment record pairs processed.
2500000 SAM alignment record pairs processed.
2600000 SAM alignment record pairs processed.
2700000 SAM alignment record pairs processed.
2800000 SAM alignment record pairs processed.
2900000 SAM alignment record pairs processed.
3000000 SAM alignment record pairs processed.
3100000 SAM alignment record pairs processed.
3200000 SAM alignment record pairs processed.
3300000 SAM alignment record pairs processed.
3400000 SAM alignment record pairs processed.
3500000 SAM alignment record pairs processed.
3600000 SAM alignment record pairs processed.
3700000 SAM alignment record pairs processed.
3800000 SAM alignment record pairs processed.
3900000 SAM alignment record pairs processed.
4000000 SAM alignment record pairs processed.
4100000 SAM alignment record pairs processed.
4200000 SAM alignment record pairs processed.
4300000 SAM alignment record pairs processed.
4400000 SAM alignment record pairs processed.
4500000 SAM alignment record pairs processed.
4600000 SAM alignment record pairs processed.
4700000 SAM alignment record pairs processed.
4800000 SAM alignment record pairs processed.
4900000 SAM alignment record pairs processed.
5000000 SAM alignment record pairs processed.
5100000 SAM alignment record pairs processed.
5200000 SAM alignment record pairs processed.
5300000 SAM alignment record pairs processed.
5400000 SAM alignment record pairs processed.
5500000 SAM alignment record pairs processed.
5600000 SAM alignment record pairs processed.
5700000 SAM alignment record pairs processed.
5800000 SAM alignment record pairs processed.
5900000 SAM alignment record pairs processed.
6000000 SAM alignment record pairs processed.
6100000 SAM alignment record pairs processed.
6200000 SAM alignment record pairs processed.
6300000 SAM alignment record pairs processed.
6400000 SAM alignment record pairs processed.
6500000 SAM alignment record pairs processed.
6600000 SAM alignment record pairs processed.
6700000 SAM alignment record pairs processed.
6800000 SAM alignment record pairs processed.
6900000 SAM alignment record pairs processed.
7000000 SAM alignment record pairs processed.
7100000 SAM alignment record pairs processed.
7200000 SAM alignment record pairs processed.
7300000 SAM alignment record pairs processed.
7400000 SAM alignment record pairs processed.
7500000 SAM alignment record pairs processed.
7600000 SAM alignment record pairs processed.
7700000 SAM alignment record pairs processed.
7800000 SAM alignment record pairs processed.
7900000 SAM alignment record pairs processed.
8000000 SAM alignment record pairs processed.
8100000 SAM alignment record pairs processed.
8200000 SAM alignment record pairs processed.
8300000 SAM alignment record pairs processed.
8400000 SAM alignment record pairs processed.
8500000 SAM alignment record pairs processed.
8600000 SAM alignment record pairs processed.
8700000 SAM alignment record pairs processed.
8800000 SAM alignment record pairs processed.
8900000 SAM alignment record pairs processed.
9000000 SAM alignment record pairs processed.
9100000 SAM alignment record pairs processed.
9200000 SAM alignment record pairs processed.
9300000 SAM alignment record pairs processed.
9400000 SAM alignment record pairs processed.
9500000 SAM alignment record pairs processed.
9600000 SAM alignment record pairs processed.
9700000 SAM alignment record pairs processed.
9800000 SAM alignment record pairs processed.
9900000 SAM alignment record pairs processed.
10000000 SAM alignment record pairs processed.
10100000 SAM alignment record pairs processed.
10200000 SAM alignment record pairs processed.
10300000 SAM alignment record pairs processed.
10400000 SAM alignment record pairs processed.
10500000 SAM alignment record pairs processed.
10600000 SAM alignment record pairs processed.
10700000 SAM alignment record pairs processed.
10800000 SAM alignment record pairs processed.
10900000 SAM alignment record pairs processed.
11000000 SAM alignment record pairs processed.
11100000 SAM alignment record pairs processed.
11200000 SAM alignment record pairs processed.
11300000 SAM alignment record pairs processed.
11400000 SAM alignment record pairs processed.
11500000 SAM alignment record pairs processed.
11600000 SAM alignment record pairs processed.
11700000 SAM alignment record pairs processed.
11800000 SAM alignment record pairs processed.
11900000 SAM alignment record pairs processed.
12000000 SAM alignment record pairs processed.
12100000 SAM alignment record pairs processed.
12200000 SAM alignment record pairs processed.
12300000 SAM alignment record pairs processed.
12400000 SAM alignment record pairs processed.
12500000 SAM alignment record pairs processed.
12600000 SAM alignment record pairs processed.
12700000 SAM alignment record pairs processed.
12800000 SAM alignment record pairs processed.
12900000 SAM alignment record pairs processed.
13000000 SAM alignment record pairs processed.
Warning: Mate records missing for 31275 records; first such record: <SAM_Alignment object: Paired-end read 'ERR1797969.6531970' aligned to tig00000001_pilon:[1000612,1000664)/+>.
13100000 SAM alignment record pairs processed.
Warning: Mate pairing was ambiguous for 14 records; mate key for first such record: ('ERR1797969.20508694', 'second', 'tig00000001_pilon', 645383, 'tig00000001_pilon', 875637, 230220).
13101844 SAM alignment pairs processed.
3303 GFF lines processed.
100000 SAM alignment record pairs processed.
200000 SAM alignment record pairs processed.
300000 SAM alignment record pairs processed.
400000 SAM alignment record pairs processed.
500000 SAM alignment record pairs processed.
600000 SAM alignment record pairs processed.
700000 SAM alignment record pairs processed.
800000 SAM alignment record pairs processed.
900000 SAM alignment record pairs processed.
1000000 SAM alignment record pairs processed.
1100000 SAM alignment record pairs processed.
1200000 SAM alignment record pairs processed.
1300000 SAM alignment record pairs processed.
1400000 SAM alignment record pairs processed.
1500000 SAM alignment record pairs processed.
1600000 SAM alignment record pairs processed.
1700000 SAM alignment record pairs processed.
1800000 SAM alignment record pairs processed.
1900000 SAM alignment record pairs processed.
2000000 SAM alignment record pairs processed.
2100000 SAM alignment record pairs processed.
2200000 SAM alignment record pairs processed.
2300000 SAM alignment record pairs processed.
2400000 SAM alignment record pairs processed.
2500000 SAM alignment record pairs processed.
2600000 SAM alignment record pairs processed.
2700000 SAM alignment record pairs processed.
2800000 SAM alignment record pairs processed.
2900000 SAM alignment record pairs processed.
3000000 SAM alignment record pairs processed.
3100000 SAM alignment record pairs processed.
3200000 SAM alignment record pairs processed.
3300000 SAM alignment record pairs processed.
3400000 SAM alignment record pairs processed.
3500000 SAM alignment record pairs processed.
3600000 SAM alignment record pairs processed.
3700000 SAM alignment record pairs processed.
3800000 SAM alignment record pairs processed.
3900000 SAM alignment record pairs processed.
4000000 SAM alignment record pairs processed.
4100000 SAM alignment record pairs processed.
4200000 SAM alignment record pairs processed.
4300000 SAM alignment record pairs processed.
4400000 SAM alignment record pairs processed.
4500000 SAM alignment record pairs processed.
4600000 SAM alignment record pairs processed.
4700000 SAM alignment record pairs processed.
4800000 SAM alignment record pairs processed.
4900000 SAM alignment record pairs processed.
5000000 SAM alignment record pairs processed.
5100000 SAM alignment record pairs processed.
5200000 SAM alignment record pairs processed.
5300000 SAM alignment record pairs processed.
5400000 SAM alignment record pairs processed.
5500000 SAM alignment record pairs processed.
5600000 SAM alignment record pairs processed.
5700000 SAM alignment record pairs processed.
5800000 SAM alignment record pairs processed.
5900000 SAM alignment record pairs processed.
6000000 SAM alignment record pairs processed.
6100000 SAM alignment record pairs processed.
6200000 SAM alignment record pairs processed.
6300000 SAM alignment record pairs processed.
6400000 SAM alignment record pairs processed.
6500000 SAM alignment record pairs processed.
6600000 SAM alignment record pairs processed.
6700000 SAM alignment record pairs processed.
6800000 SAM alignment record pairs processed.
6900000 SAM alignment record pairs processed.
7000000 SAM alignment record pairs processed.
7100000 SAM alignment record pairs processed.
7200000 SAM alignment record pairs processed.
7300000 SAM alignment record pairs processed.
7400000 SAM alignment record pairs processed.
7500000 SAM alignment record pairs processed.
7600000 SAM alignment record pairs processed.
7700000 SAM alignment record pairs processed.
7800000 SAM alignment record pairs processed.
7900000 SAM alignment record pairs processed.
8000000 SAM alignment record pairs processed.
8100000 SAM alignment record pairs processed.
8200000 SAM alignment record pairs processed.
8300000 SAM alignment record pairs processed.
8400000 SAM alignment record pairs processed.
8500000 SAM alignment record pairs processed.
8600000 SAM alignment record pairs processed.
8700000 SAM alignment record pairs processed.
8800000 SAM alignment record pairs processed.
8900000 SAM alignment record pairs processed.
9000000 SAM alignment record pairs processed.
9100000 SAM alignment record pairs processed.
9200000 SAM alignment record pairs processed.
9300000 SAM alignment record pairs processed.
9400000 SAM alignment record pairs processed.
9500000 SAM alignment record pairs processed.
9600000 SAM alignment record pairs processed.
9700000 SAM alignment record pairs processed.
9800000 SAM alignment record pairs processed.
9900000 SAM alignment record pairs processed.
10000000 SAM alignment record pairs processed.
10100000 SAM alignment record pairs processed.
10200000 SAM alignment record pairs processed.
10300000 SAM alignment record pairs processed.
10400000 SAM alignment record pairs processed.
10500000 SAM alignment record pairs processed.
10600000 SAM alignment record pairs processed.
10700000 SAM alignment record pairs processed.
10800000 SAM alignment record pairs processed.
10900000 SAM alignment record pairs processed.
11000000 SAM alignment record pairs processed.
11100000 SAM alignment record pairs processed.
11200000 SAM alignment record pairs processed.
11300000 SAM alignment record pairs processed.
11400000 SAM alignment record pairs processed.
11500000 SAM alignment record pairs processed.
11600000 SAM alignment record pairs processed.
11700000 SAM alignment record pairs processed.
11800000 SAM alignment record pairs processed.
11900000 SAM alignment record pairs processed.
12000000 SAM alignment record pairs processed.
12100000 SAM alignment record pairs processed.
12200000 SAM alignment record pairs processed.
12300000 SAM alignment record pairs processed.
12400000 SAM alignment record pairs processed.
12500000 SAM alignment record pairs processed.
12600000 SAM alignment record pairs processed.
12700000 SAM alignment record pairs processed.
12800000 SAM alignment record pairs processed.
12900000 SAM alignment record pairs processed.
13000000 SAM alignment record pairs processed.
13100000 SAM alignment record pairs processed.
13200000 SAM alignment record pairs processed.
13300000 SAM alignment record pairs processed.
13400000 SAM alignment record pairs processed.
13500000 SAM alignment record pairs processed.
13600000 SAM alignment record pairs processed.
13700000 SAM alignment record pairs processed.
13800000 SAM alignment record pairs processed.
13900000 SAM alignment record pairs processed.
14000000 SAM alignment record pairs processed.
14100000 SAM alignment record pairs processed.
14200000 SAM alignment record pairs processed.
14300000 SAM alignment record pairs processed.
14400000 SAM alignment record pairs processed.
14500000 SAM alignment record pairs processed.
14600000 SAM alignment record pairs processed.
Warning: Mate records missing for 37595 records; first such record: <SAM_Alignment object: Paired-end read 'ERR1797970.18689361' aligned to tig00000001_pilon:[1000609,1000660)/->.
14700000 SAM alignment record pairs processed.
Warning: Mate pairing was ambiguous for 10 records; mate key for first such record: ('ERR1797970.8289366', 'second', 'tig00000001_pilon', 223478, 'tig00000001_pilon', 875942, 652465).
14730345 SAM alignment pairs processed.
3303 GFF lines processed.
100000 SAM alignment record pairs processed.
200000 SAM alignment record pairs processed.
300000 SAM alignment record pairs processed.
400000 SAM alignment record pairs processed.
500000 SAM alignment record pairs processed.
600000 SAM alignment record pairs processed.
700000 SAM alignment record pairs processed.
800000 SAM alignment record pairs processed.
900000 SAM alignment record pairs processed.
1000000 SAM alignment record pairs processed.
1100000 SAM alignment record pairs processed.
1200000 SAM alignment record pairs processed.
1300000 SAM alignment record pairs processed.
1400000 SAM alignment record pairs processed.
1500000 SAM alignment record pairs processed.
1600000 SAM alignment record pairs processed.
1700000 SAM alignment record pairs processed.
1800000 SAM alignment record pairs processed.
1900000 SAM alignment record pairs processed.
2000000 SAM alignment record pairs processed.
2100000 SAM alignment record pairs processed.
2200000 SAM alignment record pairs processed.
2300000 SAM alignment record pairs processed.
2400000 SAM alignment record pairs processed.
2500000 SAM alignment record pairs processed.
2600000 SAM alignment record pairs processed.
2700000 SAM alignment record pairs processed.
2800000 SAM alignment record pairs processed.
2900000 SAM alignment record pairs processed.
3000000 SAM alignment record pairs processed.
3100000 SAM alignment record pairs processed.
3200000 SAM alignment record pairs processed.
3300000 SAM alignment record pairs processed.
3400000 SAM alignment record pairs processed.
3500000 SAM alignment record pairs processed.
3600000 SAM alignment record pairs processed.
3700000 SAM alignment record pairs processed.
3800000 SAM alignment record pairs processed.
3900000 SAM alignment record pairs processed.
4000000 SAM alignment record pairs processed.
4100000 SAM alignment record pairs processed.
4200000 SAM alignment record pairs processed.
4300000 SAM alignment record pairs processed.
4400000 SAM alignment record pairs processed.
4500000 SAM alignment record pairs processed.
4600000 SAM alignment record pairs processed.
4700000 SAM alignment record pairs processed.
4800000 SAM alignment record pairs processed.
4900000 SAM alignment record pairs processed.
5000000 SAM alignment record pairs processed.
5100000 SAM alignment record pairs processed.
5200000 SAM alignment record pairs processed.
5300000 SAM alignment record pairs processed.
5400000 SAM alignment record pairs processed.
5500000 SAM alignment record pairs processed.
5600000 SAM alignment record pairs processed.
5700000 SAM alignment record pairs processed.
5800000 SAM alignment record pairs processed.
5900000 SAM alignment record pairs processed.
6000000 SAM alignment record pairs processed.
6100000 SAM alignment record pairs processed.
6200000 SAM alignment record pairs processed.
6300000 SAM alignment record pairs processed.
6400000 SAM alignment record pairs processed.
6500000 SAM alignment record pairs processed.
6600000 SAM alignment record pairs processed.
6700000 SAM alignment record pairs processed.
6800000 SAM alignment record pairs processed.
6900000 SAM alignment record pairs processed.
7000000 SAM alignment record pairs processed.
7100000 SAM alignment record pairs processed.
7200000 SAM alignment record pairs processed.
7300000 SAM alignment record pairs processed.
7400000 SAM alignment record pairs processed.
7500000 SAM alignment record pairs processed.
7600000 SAM alignment record pairs processed.
7700000 SAM alignment record pairs processed.
7800000 SAM alignment record pairs processed.
7900000 SAM alignment record pairs processed.
8000000 SAM alignment record pairs processed.
8100000 SAM alignment record pairs processed.
8200000 SAM alignment record pairs processed.
8300000 SAM alignment record pairs processed.
8400000 SAM alignment record pairs processed.
8500000 SAM alignment record pairs processed.
8600000 SAM alignment record pairs processed.
8700000 SAM alignment record pairs processed.
8800000 SAM alignment record pairs processed.
8900000 SAM alignment record pairs processed.
9000000 SAM alignment record pairs processed.
9100000 SAM alignment record pairs processed.
9200000 SAM alignment record pairs processed.
9300000 SAM alignment record pairs processed.
9400000 SAM alignment record pairs processed.
9500000 SAM alignment record pairs processed.
9600000 SAM alignment record pairs processed.
9700000 SAM alignment record pairs processed.
9800000 SAM alignment record pairs processed.
9900000 SAM alignment record pairs processed.
10000000 SAM alignment record pairs processed.
10100000 SAM alignment record pairs processed.
10200000 SAM alignment record pairs processed.
10300000 SAM alignment record pairs processed.
10400000 SAM alignment record pairs processed.
10500000 SAM alignment record pairs processed.
10600000 SAM alignment record pairs processed.
10700000 SAM alignment record pairs processed.
10800000 SAM alignment record pairs processed.
10900000 SAM alignment record pairs processed.
11000000 SAM alignment record pairs processed.
11100000 SAM alignment record pairs processed.
11200000 SAM alignment record pairs processed.
11300000 SAM alignment record pairs processed.
11400000 SAM alignment record pairs processed.
11500000 SAM alignment record pairs processed.
11600000 SAM alignment record pairs processed.
11700000 SAM alignment record pairs processed.
11800000 SAM alignment record pairs processed.
11900000 SAM alignment record pairs processed.
12000000 SAM alignment record pairs processed.
12100000 SAM alignment record pairs processed.
12200000 SAM alignment record pairs processed.
12300000 SAM alignment record pairs processed.
12400000 SAM alignment record pairs processed.
12500000 SAM alignment record pairs processed.
12600000 SAM alignment record pairs processed.
12700000 SAM alignment record pairs processed.
12800000 SAM alignment record pairs processed.
12900000 SAM alignment record pairs processed.
13000000 SAM alignment record pairs processed.
13100000 SAM alignment record pairs processed.
13200000 SAM alignment record pairs processed.
13300000 SAM alignment record pairs processed.
13400000 SAM alignment record pairs processed.
13500000 SAM alignment record pairs processed.
13600000 SAM alignment record pairs processed.
13700000 SAM alignment record pairs processed.
13800000 SAM alignment record pairs processed.
13900000 SAM alignment record pairs processed.
14000000 SAM alignment record pairs processed.
Warning: Mate records missing for 34788 records; first such record: <SAM_Alignment object: Paired-end read 'ERR1797971.14969170' aligned to tig00000001_pilon:[1000599,1000630)/+>.
Warning: Mate pairing was ambiguous for 3 records; mate key for first such record: ('ERR1797971.17070165', 'first', 'tig00000001_pilon', 648389, 'tig00000001_pilon', 648389, 34).
14073449 SAM alignment pairs processed.
